Arguments: 
  /usr/local/bin/node /usr/local/bin/yarn add @vuepress/last-updated -D

PATH: 
  /usr/local/bin:/usr/bin:/bin:/usr/sbin:/sbin:/Applications/VMware Fusion.app/Contents/Public:/Users/hyouka/Desktop/web-app/源码/HyoukaM.github.io/node_modules/.bin

Yarn version: 
  1.22.10

Node version: 
  14.16.1

Platform: 
  darwin x64

Trace: 
  Error: https://registry.yarnpkg.com/@vuepress%2flast-updated: Not found
      at Request.params.callback [as _callback] (/usr/local/lib/node_modules/yarn/lib/cli.js:66988:18)
      at Request.self.callback (/usr/local/lib/node_modules/yarn/lib/cli.js:140662:22)
      at Request.emit (events.js:315:20)
      at Request.<anonymous> (/usr/local/lib/node_modules/yarn/lib/cli.js:141634:10)
      at Request.emit (events.js:315:20)
      at IncomingMessage.<anonymous> (/usr/local/lib/node_modules/yarn/lib/cli.js:141556:12)
      at Object.onceWrapper (events.js:421:28)
      at IncomingMessage.emit (events.js:327:22)
      at endReadableNT (internal/streams/readable.js:1327:12)
      at processTicksAndRejections (internal/process/task_queues.js:80:21)

npm manifest: 
  {
    "name": "hyouka-blog",
    "version": "1.0.0",
    "description": "Hyouka的博客",
    "repository": "https://github.com/HyoukaM",
    "main": "index.js",
    "scripts": {
      "test": "echo \"Error: no test specified\" && exit 1",
      "docs:dev": "vuepress dev docs",
      "build": "vuepress build docs"
    },
    "keywords": [],
    "author": "Hyouka",
    "license": "MIT",
    "devDependencies": {
      "@vuepress-reco/vuepress-plugin-bulletin-popover": "^1.5.7",
      "@vuepress/plugin-medium-zoom": "^1.8.2",
      "@vuepress/plugin-pwa": "^1.8.2",
      "cz-conventional-changelog": "^3.3.0",
      "vuepress": "^1.8.2",
      "vuepress-plugin-cursor-effects": "^1.0.2",
      "vuepress-plugin-dynamic-title": "^1.0.0",
      "vuepress-plugin-flowchart": "^1.4.3",
      "vuepress-theme-reco": "^1.6.6"
    },
    "config": {
      "commitizen": {
        "path": "./node_modules/cz-conventional-changelog"
      }
    },
    "dependencies": {
      "vuepress-plugin-comment": "^0.7.3"
    }
  }

yarn manifest: 
  No manifest

Lockfile: 
  No lockfile
